import time: self [us] | cumulative | imported package
import time:       334 |        334 |   _io
import time:        19 |         19 |   marshal
import time:       667 |        667 |   posix
import time:      1109 |       2128 | _frozen_importlib_external
import time:       436 |        436 |   time
import time:       214 |        650 | zipimport
import time:        63 |         63 |     _codecs
import time:       492 |        554 |   codecs
import time:      1001 |       1001 |   encodings.aliases
import time:      2035 |       3589 | encodings
import time:       332 |        332 | encodings.utf_8
import time:        56 |         56 | _signal
import time:        30 |         30 |       _abc
import time:       105 |        135 |     abc
import time:        23 |         23 |       _stat
import time:        58 |         80 |     stat
import time:       820 |        820 |     _collections_abc
import time:        43 |         43 |       errno
import time:       114 |        114 |       genericpath
import time:       103 |        260 |     posixpath
import time:       419 |       1713 |   os
import time:        55 |         55 |   _sitebuiltins
import time:       480 |        480 |   sitecustomize
import time:       954 |       3201 | site
import time:       680 |        680 | linecache
import time:       336 |        336 |     __future__
import time:       132 |        132 |       io
import time:        19 |         19 |             _types
import time:       505 |        524 |           types
import time:      1037 |       1560 |         enum
import time:       188 |        188 |           _sre
import time:       386 |        386 |             re._constants
import time:       473 |        858 |           re._parser
import time:       233 |        233 |           re._casefix
import time:       517 |       1795 |         re._compiler
import time:       233 |        233 |             itertools
import time:       307 |        307 |             keyword
import time:       168 |        168 |               _operator
import time:       372 |        540 |             operator
import time:       238 |        238 |             reprlib
import time:        30 |         30 |             _collections
import time:       808 |       2155 |           collections
import time:        42 |         42 |           _functools
import time:      1019 |       3214 |         functools
import time:       460 |        460 |         copyreg
import time:       949 |       7976 |       re
import time:      1031 |       1031 |         textwrap
import time:        20 |         20 |             _contextvars
import time:       696 |        715 |           _py_warnings
import time:       317 |       1032 |         warnings
import time:       333 |        333 |         codeop
import time:       233 |        233 |           token
import time:       203 |        203 |           _tokenize
import time:      1056 |       1491 |         tokenize
import time:       295 |        295 |                 _weakrefset
import time:       501 |        796 |               weakref
import time:       238 |       1033 |             copy
import time:       995 |        995 |                   _ast
import time:       936 |       1931 |                 ast
import time:       822 |       2752 |               annotationlib
import time:        20 |         20 |                   _opcode
import time:       270 |        270 |                   _opcode_metadata
import time:       316 |        605 |                 opcode
import time:       867 |       1472 |               dis
import time:       292 |        292 |                 importlib
import time:        56 |        348 |               importlib.machinery
import time:      1482 |       6052 |             inspect
import time:       574 |       7659 |           dataclasses
import time:      3890 |      11548 |         _colorize
import time:       621 |        621 |         contextlib
import time:       901 |      16954 |       traceback
import time:        27 |         27 |         _string
import time:       438 |        464 |       string
import time:       857 |        857 |       threading
import time:        23 |         23 |       atexit
import time:      1221 |      27623 |     logging
import time:        34 |         34 |       _datetime
import time:       272 |        306 |     datetime
import time:        68 |         68 |         _winapi
import time:        47 |         47 |         nt
import time:        40 |         40 |         nt
import time:        39 |         39 |         nt
import time:        38 |         38 |         nt
import time:        37 |         37 |         nt
import time:        39 |         39 |         nt
import time:        38 |         38 |         nt
import time:       404 |        746 |       ntpath
import time:       496 |        496 |         fnmatch
import time:       452 |        948 |       glob
import time:        35 |         35 |       pwd
import time:      1322 |       1322 |       grp
import time:      1213 |       1213 |         fcntl
import time:        53 |         53 |         _winapi
import time:       720 |       1984 |       pathlib._os
import time:       635 |       5667 |     pathlib
import time:       288 |        288 |             alembic.runtime
import time:        19 |         19 |               _typing
import time:      1649 |       1667 |             typing
import time:       498 |        498 |                     sqlalchemy.util.preloaded
import time:       275 |        275 |                         sqlalchemy.cyextension
import time:      1262 |       1262 |                           zlib
import time:      1248 |       2510 |                         sqlalchemy.cyextension.collections
import time:      1227 |       1227 |                         sqlalchemy.cyextension.immutabledict
import time:       587 |        587 |                         sqlalchemy.cyextension.processors
import time:       713 |        713 |                         sqlalchemy.cyextension.resultproxy
import time:      1237 |       1237 |                                   _struct
import time:       305 |       1542 |                                 struct
import time:      1352 |       1352 |                                 binascii
import time:       414 |       3307 |                               base64
import time:     16642 |      16642 |                                 _hashlib
import time:      1373 |       1373 |                                 _blake2
import time:       585 |      18599 |                               hashlib
import time:        72 |         72 |                                 _wmi
import time:       742 |        814 |                               platform
import time:       606 |        606 |                               sysconfig
import time:       350 |        350 |                               _osx_support
import time:      2097 |       2097 |                                       _json
import time:       345 |       2442 |                                     json.scanner
import time:      1376 |       3817 |                                   json.decoder
import time:       371 |        371 |                                   json.encoder
import time:       323 |       4510 |                                 json
import time:       319 |        319 |                                 email
import time:       350 |        350 |                                     importlib._abc
import time:        97 |        447 |                                   importlib.util
import time:       200 |        200 |                                         compression
import time:       335 |        534 |                                       compression._common
import time:       467 |        467 |                                       compression._common._streams
import time:       980 |        980 |                                       _bz2
import time:       297 |       2276 |                                     bz2
import time:      1486 |       1486 |                                       _lzma
import time:       323 |       1808 |                                     lzma
import time:      3268 |       3268 |                                       _zstd
import time:       615 |        615 |                                       compression.zstd._zstdfile
import time:       562 |       4444 |                                     compression.zstd
import time:       580 |       9106 |                                   shutil
import time:       365 |        365 |                                     zipfile._path.glob
import time:       565 |        929 |                                   zipfile._path
import time:      2300 |      12781 |                                 zipfile
import time:       490 |        490 |                                 importlib.metadata._meta
import time:       271 |        271 |                                 importlib.metadata._collections
import time:       187 |        187 |                                 importlib.metadata._functools
import time:       786 |        786 |                                 importlib.metadata._itertools
import time:       344 |        344 |                                 importlib.abc
import time:      1336 |      21020 |                               importlib.metadata
import time:      4889 |      49581 |                             sqlalchemy.util.compat
import time:       911 |      50491 |                           sqlalchemy.exc
import time:      1332 |      51823 |                         sqlalchemy.cyextension.util
import time:       296 |      57427 |                       sqlalchemy.util._has_cy
import time:      1380 |       1380 |                         typing_extensions
import time:       660 |       2040 |                       sqlalchemy.util.typing
import time:       657 |      60123 |                     sqlalchemy.util._collections
import time:       256 |        256 |                             concurrent
import time:       479 |        479 |                             concurrent.futures._base
import time:      1494 |       1494 |                             _interpreters
import time:       294 |       2521 |                           concurrent.futures
import time:       932 |        932 |                             _heapq
import time:       307 |       1238 |                           heapq
import time:      2103 |       2103 |                             _socket
import time:       822 |       2924 |                           socket
import time:        40 |         40 |                               _locale
import time:       627 |        667 |                             locale
import time:       675 |        675 |                             signal
import time:        51 |         51 |                             msvcrt
import time:       948 |        948 |                             _posixsubprocess
import time:      1775 |       1775 |                             select
import time:      2431 |       2431 |                               math
import time:       772 |       3202 |                             selectors
import time:       778 |       8094 |                           subprocess
import time:      6122 |       6122 |                             _ssl
import time:      2611 |       8733 |                           ssl
import time:       680 |        680 |                           asyncio.constants
import time:       314 |        314 |                           asyncio.coroutines
import time:       311 |        311 |                             contextvars
import time:       203 |        203 |                             asyncio.format_helpers
import time:       452 |        452 |                               asyncio.base_futures
import time:      1486 |       1486 |                               asyncio.exceptions
import time:       943 |        943 |                               asyncio.base_tasks
import time:      2497 |       5377 |                             _asyncio
import time:       560 |       6449 |                           asyncio.events
import time:      1030 |       1030 |                           asyncio.futures
import time:       492 |        492 |                           asyncio.protocols
import time:       340 |        340 |                             asyncio.transports
import time:       311 |        311 |                             asyncio.log
import time:      1205 |       1854 |                           asyncio.sslproto
import time:       135 |        135 |                               asyncio.mixins
import time:      3242 |       3377 |                             asyncio.locks
import time:       365 |        365 |                               asyncio.queues
import time:       418 |        418 |                               asyncio.timeouts
import time:       543 |       1325 |                             asyncio.tasks
import time:       262 |       4963 |                           asyncio.staggered
import time:       283 |        283 |                           asyncio.trsock
import time:      1093 |      40661 |                         asyncio.base_events
import time:      1068 |       1068 |                         asyncio.graph
import time:       616 |        616 |                         asyncio.runners
import time:       649 |        649 |                         asyncio.streams
import time:       347 |        347 |                         asyncio.subprocess
import time:       196 |        196 |                         asyncio.taskgroups
import time:       117 |        117 |                         asyncio.threads
import time:       521 |        521 |                           asyncio.base_subprocess
import time:       528 |        528 |                           asyncio.selector_events
import time:       519 |       1566 |                         asyncio.unix_events
import time:      3230 |      48446 |                       asyncio
import time:       105 |        105 |                       greenlet
import time:       318 |      48867 |                     sqlalchemy.util.concurrency
import time:      1250 |       1250 |                       sqlalchemy.util.langhelpers
import time:       491 |       1740 |                     sqlalchemy.util.deprecations
import time:       545 |     111770 |                   sqlalchemy.util
import time:       403 |        403 |                                     sqlalchemy.event.registry
import time:       288 |        690 |                                   sqlalchemy.event.legacy
import time:       608 |       1298 |                                 sqlalchemy.event.attr
import time:       441 |       1738 |                               sqlalchemy.event.base
import time:       468 |       2206 |                             sqlalchemy.event.api
import time:       245 |       2450 |                           sqlalchemy.event
import time:       403 |        403 |                                 sqlalchemy.log
import time:      1402 |       1805 |                               sqlalchemy.pool.base
import time:       559 |       2364 |                             sqlalchemy.pool.events
import time:       426 |        426 |                               sqlalchemy.util.queue
import time:       420 |        846 |                             sqlalchemy.pool.impl
import time:       260 |       3468 |                           sqlalchemy.pool
import time:       626 |        626 |                                 sqlalchemy.sql.roles
import time:       502 |        502 |                                 sqlalchemy.inspection
import time:      1325 |       2453 |                               sqlalchemy.sql._typing
import time:       816 |        816 |                                 sqlalchemy.sql.visitors
import time:       745 |        745 |                                 sqlalchemy.sql.cache_key
import time:      1025 |       1025 |                                   sqlalchemy.sql.operators
import time:       494 |       1519 |                                 sqlalchemy.sql.traversals
import time:      1951 |       5030 |                               sqlalchemy.sql.base
import time:       469 |        469 |                                   numbers
import time:      1013 |       1482 |                                 sqlalchemy.sql.coercions
import time:       628 |        628 |                                       sqlalchemy.sql.annotation
import time:      5334 |       5334 |                                             _decimal
import time:       196 |       5530 |                                           decimal
import time:      2114 |       2114 |                                           sqlalchemy.sql.type_api
import time:      4083 |      11726 |                                         sqlalchemy.sql.elements
import time:       331 |        331 |                                         sqlalchemy.util.topological
import time:      1615 |      13671 |                                       sqlalchemy.sql.ddl
import time:       531 |        531 |                                               _compat_pickle
import time:      2498 |       2498 |                                               _pickle
import time:       955 |       3982 |                                             pickle
import time:      1577 |       1577 |                                               _uuid
import time:       587 |       2164 |                                             uuid
import time:       258 |        258 |                                               sqlalchemy.engine._py_processors
import time:       327 |        584 |                                             sqlalchemy.engine.processors
import time:      2731 |       9460 |                                           sqlalchemy.sql.sqltypes
import time:      5551 |      15010 |                                         sqlalchemy.sql.selectable
import time:      3180 |      18190 |                                       sqlalchemy.sql.schema
import time:       942 |      33429 |                                     sqlalchemy.sql.util
import time:      1343 |      34772 |                                   sqlalchemy.sql.dml
import time:       892 |      35664 |                                 sqlalchemy.sql.crud
import time:      2351 |       2351 |                                 sqlalchemy.sql.functions
import time:      3862 |      43357 |                               sqlalchemy.sql.compiler
import time:       329 |        329 |                                 sqlalchemy.sql._dml_constructors
import time:       409 |        409 |                                 sqlalchemy.sql._elements_constructors
import time:       336 |        336 |                                 sqlalchemy.sql._selectable_constructors
import time:       697 |        697 |                                 sqlalchemy.sql.lambdas
import time:       346 |       2116 |                               sqlalchemy.sql.expression
import time:       517 |        517 |                                 sqlalchemy.sql.events
import time:       582 |       1099 |                               sqlalchemy.sql.naming
import time:       383 |        383 |                               sqlalchemy.sql.default_comparator
import time:      3933 |      58368 |                             sqlalchemy.sql
import time:        13 |      58381 |                           sqlalchemy.sql.compiler
import time:      1740 |      66038 |                         sqlalchemy.engine.interfaces
import time:       283 |        283 |                         sqlalchemy.engine.util
import time:      1075 |      67395 |                       sqlalchemy.engine.base
import time:      1584 |      68978 |                     sqlalchemy.engine.events
import time:       349 |        349 |                           urllib
import time:       914 |        914 |                           ipaddress
import time:      1163 |       2425 |                         urllib.parse
import time:       397 |        397 |                         sqlalchemy.dialects
import time:       707 |       3527 |                       sqlalchemy.engine.url
import time:       297 |        297 |                       sqlalchemy.engine.mock
import time:       679 |       4502 |                     sqlalchemy.engine.create
import time:       675 |        675 |                         sqlalchemy.engine.row
import time:      1518 |       2193 |                       sqlalchemy.engine.result
import time:       788 |       2980 |                     sqlalchemy.engine.cursor
import time:      1155 |       1155 |                     sqlalchemy.engine.reflection
import time:       350 |      77964 |                   sqlalchemy.engine
import time:       291 |        291 |                   sqlalchemy.schema
import time:       327 |        327 |                   sqlalchemy.types
import time:      1768 |       1768 |                         _bisect
import time:       228 |       1996 |                       bisect
import time:      2038 |       2038 |                       _random
import time:       485 |       4518 |                     random
import time:       325 |        325 |                     sqlalchemy.engine.characteristics
import time:      1700 |       6542 |                   sqlalchemy.engine.default
import time:       520 |     197412 |                 sqlalchemy
import time:        10 |     197421 |               sqlalchemy.sql
import time:        12 |     197432 |             sqlalchemy.sql.schema
import time:       146 |        146 |               sqlalchemy.engine.strategies
import time:       292 |        292 |                       sqlalchemy.ext
import time:       521 |        813 |                     sqlalchemy.ext.compiler
import time:      1174 |       1174 |                             configparser
import time:       689 |        689 |                                 tomllib._re
import time:       849 |       1538 |                               tomllib._parser
import time:       280 |       1817 |                             tomllib
import time:      1002 |       3992 |                           alembic.util.compat
import time:       164 |        164 |                           alembic.util.exc
import time:       331 |       4486 |                         alembic.util.editor
import time:       633 |        633 |                         alembic.util.langhelpers
import time:      2299 |       2299 |                           termios
import time:       340 |       2639 |                         alembic.util.messaging
import time:       592 |        592 |                               tempfile
import time:       491 |        491 |                               importlib.resources.abc
import time:       389 |       1472 |                             importlib.resources._common
import time:       250 |        250 |                             importlib.resources._functional
import time:       259 |       1980 |                           importlib.resources
import time:       342 |        342 |                           mako
import time:       271 |        271 |                             mako.compat
import time:        31 |         31 |                                 gc
import time:       286 |        316 |                               timeit
import time:       496 |        812 |                             mako.util
import time:       222 |        222 |                               mako.ext
import time:        51 |         51 |                               pygments
import time:       384 |        656 |                             mako.ext.pygmentplugin
import time:       988 |        988 |                                   html.entities
import time:      2523 |       3510 |                                 html
import time:        18 |       3528 |                               html.entities
import time:      1608 |       1608 |                                 markupsafe._speedups
import time:       671 |       2279 |                               markupsafe
import time:       419 |       6225 |                             mako.filters
import time:       542 |       8504 |                           mako.exceptions
import time:       288 |        288 |                             mako.cache
import time:       348 |        348 |                                   mako._ast_util
import time:       275 |        623 |                                 mako.pyparser
import time:       271 |        893 |                               mako.ast
import time:       426 |        426 |                               mako.parsetree
import time:       271 |        271 |                               mako.pygen
import time:       722 |       2311 |                             mako.codegen
import time:       553 |        553 |                             mako.runtime
import time:       316 |        316 |                             mako.lexer
import time:       792 |       4258 |                           mako.template
import time:       382 |      15465 |                         alembic.util.pyfiles
import time:      2028 |       2028 |                         alembic.util.sqla_compat
import time:       341 |      25590 |                       alembic.util
import time:        17 |      25606 |                     alembic.util.sqla_compat
import time:       550 |      26968 |                   alembic.ddl.base
import time:      1223 |       1223 |                     alembic.ddl._autogen
import time:       501 |       1724 |                   alembic.ddl.impl
import time:       581 |      29272 |                 alembic.ddl.mssql
import time:       313 |        313 |                 alembic.ddl.mysql
import time:       873 |        873 |                 alembic.ddl.oracle
import time:       330 |        330 |                       sqlalchemy.dialects.postgresql.operators
import time:       500 |        829 |                     sqlalchemy.dialects.postgresql.array
import time:       488 |        488 |                       sqlalchemy.dialects.postgresql.json
import time:      1094 |       1094 |                       sqlalchemy.dialects.postgresql.ranges
import time:       582 |        582 |                           sqlalchemy.dialects.postgresql.types
import time:      2683 |       3264 |                         sqlalchemy.dialects.postgresql.pg_catalog
import time:       800 |        800 |                         sqlalchemy.dialects.postgresql.ext
import time:       783 |        783 |                         sqlalchemy.dialects.postgresql.hstore
import time:       587 |        587 |                         sqlalchemy.dialects.postgresql.named_types
import time:      2683 |       8115 |                       sqlalchemy.dialects.postgresql.base
import time:       259 |        259 |                         sqlalchemy.connectors
import time:       678 |        936 |                       sqlalchemy.connectors.asyncio
import time:       976 |      11608 |                     sqlalchemy.dialects.postgresql.asyncpg
import time:       977 |        977 |                     sqlalchemy.dialects.postgresql.pg8000
import time:       483 |        483 |                       sqlalchemy.dialects.postgresql._psycopg_common
import time:       780 |       1262 |                     sqlalchemy.dialects.postgresql.psycopg
import time:       655 |        655 |                     sqlalchemy.dialects.postgresql.psycopg2
import time:       268 |        268 |                     sqlalchemy.dialects.postgresql.psycopg2cffi
import time:       333 |        333 |                       sqlalchemy.dialects._typing
import time:       738 |       1070 |                     sqlalchemy.dialects.postgresql.dml
import time:       638 |      17303 |                   sqlalchemy.dialects.postgresql
import time:       376 |        376 |                                 alembic.operations.schemaobj
import time:       358 |        358 |                                   alembic.operations.batch
import time:      1012 |       1369 |                                 alembic.operations.base
import time:      3566 |       5311 |                               alembic.operations.ops
import time:       307 |       5617 |                             alembic.operations.toimpl
import time:       190 |       5806 |                           alembic.operations
import time:       259 |       6065 |                         alembic.autogenerate.compare.comments
import time:       196 |        196 |                           alembic.autogenerate.compare.util
import time:       411 |        606 |                         alembic.autogenerate.compare.constraints
import time:       228 |        228 |                         alembic.autogenerate.compare.schema
import time:       230 |        230 |                         alembic.autogenerate.compare.server_defaults
import time:       146 |        146 |                         alembic.autogenerate.compare.tables
import time:       189 |        189 |                         alembic.autogenerate.compare.types
import time:      5425 |       5425 |                         alembic.runtime.plugins
import time:       314 |      13200 |                       alembic.autogenerate.compare
import time:       474 |        474 |                       alembic.autogenerate.render
import time:       497 |      14169 |                     alembic.autogenerate.api
import time:       331 |        331 |                     alembic.autogenerate.rewriter
import time:       411 |      14910 |                   alembic.autogenerate
import time:       670 |      32883 |                 alembic.ddl.postgresql
import time:       346 |        346 |                 alembic.ddl.sqlite
import time:       305 |      63988 |               alembic.ddl
import time:       786 |      64919 |             alembic.runtime.migration
import time:       778 |        778 |                   alembic.script.revision
import time:       268 |        268 |                     shlex
import time:       386 |        654 |                   alembic.script.write_hooks
import time:       388 |        388 |                     zoneinfo._tzpath
import time:       187 |        187 |                     zoneinfo._common
import time:      2284 |       2284 |                     _zoneinfo
import time:       378 |       3236 |                   zoneinfo
import time:       608 |       5274 |                 alembic.script.base
import time:       235 |       5508 |               alembic.script
import time:        13 |       5521 |             alembic.script.revision
import time:       593 |     270418 |           alembic.runtime.environment
import time:      1686 |     272104 |         alembic.context
import time:      1816 |       1816 |         alembic.op
import time:       419 |     274338 |       alembic
import time:       308 |     274645 |     alembic.migration
import time:       785 |        785 |                 socketserver
import time:       590 |        590 |                   http
import time:       379 |        379 |                     email._parseaddr
import time:       783 |       1161 |                   email.utils
import time:       406 |        406 |                         email.errors
import time:       389 |        389 |                             email.quoprimime
import time:       171 |        171 |                             email.base64mime
import time:       255 |        255 |                                 quopri
import time:       176 |        431 |                               email.encoders
import time:       236 |        666 |                             email.charset
import time:       607 |       1831 |                           email.header
import time:       500 |       2331 |                         email._policybase
import time:       467 |       3202 |                       email.feedparser
import time:       239 |       3441 |                     email.parser
import time:       293 |        293 |                       email._encoded_words
import time:       126 |        126 |                       email.iterators
import time:       380 |        798 |                     email.message
import time:       702 |       4940 |                   http.client
import time:        54 |         54 |                     _winapi
import time:        42 |         42 |                     winreg
import time:       396 |        492 |                   mimetypes
import time:       852 |       8033 |                 http.server
import time:       386 |        386 |                 werkzeug._internal
import time:       602 |        602 |                 werkzeug.exceptions
import time:       495 |        495 |                         werkzeug.datastructures.mixins
import time:      2065 |       2560 |                       werkzeug.datastructures.structures
import time:       708 |       3267 |                     werkzeug.datastructures.accept
import time:       313 |        313 |                     werkzeug.datastructures.auth
import time:       326 |        326 |                     werkzeug.datastructures.cache_control
import time:      1838 |       1838 |                     werkzeug.datastructures.csp
import time:      1395 |       1395 |                     werkzeug.datastructures.etag
import time:       402 |        402 |                       werkzeug.datastructures.headers
import time:       293 |        694 |                     werkzeug.datastructures.file_storage
import time:       352 |        352 |                     werkzeug.datastructures.range
import time:       648 |       8830 |                   werkzeug.datastructures
import time:       349 |        349 |                   werkzeug.sansio
import time:       405 |        405 |                   werkzeug.sansio.http
import time:       929 |      10511 |                 werkzeug.http
import time:       730 |        730 |                 werkzeug.urls
import time:       957 |      22002 |               werkzeug.serving
import time:      2101 |       2101 |                 werkzeug.sansio.multipart
import time:       527 |        527 |                   pkgutil
import time:      2569 |       2569 |                   unicodedata
import time:      1689 |       1689 |                       _hmac
import time:       270 |       1959 |                     hmac
import time:       234 |        234 |                     secrets
import time:       246 |       2437 |                   werkzeug.security
import time:       316 |        316 |                     werkzeug.sansio.utils
import time:       341 |        657 |                   werkzeug.wsgi
import time:       475 |       6663 |                 werkzeug.utils
import time:       269 |        269 |                       werkzeug.formparser
import time:       291 |        291 |                         werkzeug.user_agent
import time:       400 |        690 |                       werkzeug.sansio.request
import time:       404 |       1363 |                     werkzeug.wrappers.request
import time:       397 |        397 |                       werkzeug.sansio.response
import time:       440 |        836 |                     werkzeug.wrappers.response
import time:       324 |       2523 |                   werkzeug.wrappers
import time:        15 |       2537 |                 werkzeug.wrappers.request
import time:      1058 |      12357 |               werkzeug.test
import time:       328 |      34686 |             werkzeug
import time:       507 |      35192 |           werkzeug.local
import time:       205 |      35397 |         flask.globals
import time:       547 |        547 |         flask.json.provider
import time:       512 |      36455 |       flask.json
import time:       549 |        549 |             gettext
import time:       470 |        470 |               click._compat
import time:       312 |        312 |                 click.globals
import time:       320 |        320 |                 click.utils
import time:       438 |       1069 |               click.exceptions
import time:      1625 |       3163 |             click.types
import time:       310 |        310 |             click._utils
import time:       320 |        320 |               click.parser
import time:       287 |        607 |             click.formatting
import time:       320 |        320 |             click.termui
import time:      1262 |       6209 |           click.core
import time:       361 |        361 |           click.decorators
import time:       344 |       6913 |         click
import time:       357 |        357 |           werkzeug.routing.converters
import time:       483 |        483 |             difflib
import time:       340 |        823 |           werkzeug.routing.exceptions
import time:       360 |        360 |             pprint
import time:      1142 |       1142 |               werkzeug.routing.rules
import time:       660 |       1802 |             werkzeug.routing.matcher
import time:       471 |       2633 |           werkzeug.routing.map
import time:       330 |       4141 |         werkzeug.routing
import time:       191 |        191 |                   blinker._utilities
import time:       386 |        577 |                 blinker.base
import time:       322 |        898 |               blinker
import time:       184 |       1082 |             flask.signals
import time:       308 |       1390 |           flask.helpers
import time:       824 |       2213 |         flask.cli
import time:       513 |        513 |         flask.typing
import time:       493 |        493 |         flask.ctx
import time:        45 |         45 |           flask.sansio
import time:       274 |        274 |           flask.config
import time:       324 |        324 |           flask.logging
import time:       680 |        680 |               jinja2.bccache
import time:      1137 |       1137 |                   jinja2.utils
import time:      1062 |       2199 |                 jinja2.nodes
import time:       471 |        471 |                   jinja2.exceptions
import time:       215 |        215 |                     jinja2.visitor
import time:       504 |        718 |                   jinja2.idtracking
import time:       224 |        224 |                   jinja2.optimizer
import time:       960 |       2371 |                 jinja2.compiler
import time:       270 |        270 |                     jinja2.async_utils
import time:       525 |        525 |                     jinja2.runtime
import time:       879 |       1673 |                   jinja2.filters
import time:       308 |        308 |                   jinja2.tests
import time:       248 |       2228 |                 jinja2.defaults
import time:       648 |        648 |                   jinja2._identifier
import time:      1116 |       1763 |                 jinja2.lexer
import time:       760 |        760 |                 jinja2.parser
import time:       973 |      10292 |               jinja2.environment
import time:       651 |        651 |               jinja2.loaders
import time:       363 |      11984 |             jinja2
import time:       232 |      12215 |           flask.templating
import time:       478 |        478 |           flask.sansio.scaffold
import time:       513 |      13847 |         flask.sansio.app
import time:       258 |        258 |               itsdangerous.exc
import time:       282 |        540 |             itsdangerous.encoding
import time:       263 |        263 |               itsdangerous.signer
import time:       449 |        712 |             itsdangerous.serializer
import time:       272 |        272 |             itsdangerous.timed
import time:       175 |        175 |               itsdangerous._json
import time:       252 |        426 |             itsdangerous.url_safe
import time:       469 |       2418 |           itsdangerous
import time:       317 |        317 |           flask.json.tag
import time:       491 |       3225 |         flask.sessions
import time:       285 |        285 |         flask.wrappers
import time:       508 |      32134 |       flask.app
import time:       506 |        506 |         flask.sansio.blueprints
import time:       248 |        754 |       flask.blueprints
import time:      1104 |      70445 |     flask
import time:       932 |        932 |           dotenv.parser
import time:       368 |        368 |           dotenv.variables
import time:       496 |       1795 |         dotenv.main
import time:       366 |       2160 |       dotenv
import time:       469 |       2629 |     app.config
import time:       320 |        320 |         flask_login.__about__
import time:       203 |        203 |         flask_login.config
import time:       222 |        222 |           flask_login.mixins
import time:       223 |        223 |           flask_login.signals
import time:       915 |        915 |           flask_login.utils
import time:      1272 |       2631 |         flask_login.login_manager
import time:       378 |        378 |                 cmd
import time:      2140 |       2140 |                 bdb
import time:       403 |        403 |                 code
import time:       226 |        226 |                   _pyrepl
import time:       194 |        194 |                   _pyrepl.types
import time:       208 |        208 |                   _pyrepl.trace
import time:       864 |       1491 |                 _pyrepl.utils
import time:      1156 |       5567 |               pdb
import time:       440 |       6007 |             click.testing
import time:       291 |       6297 |           flask.testing
import time:       137 |       6434 |         flask_login.test_client
import time:       255 |       9841 |       flask_login
import time:       893 |        893 |         argparse
import time:       890 |        890 |           alembic.command
import time:       706 |       1596 |         alembic.config
import time:       530 |       3019 |       flask_migrate
import time:       166 |        166 |                         sqlalchemy.sql._orm_types
import time:       497 |        663 |                       sqlalchemy.orm._typing
import time:       883 |       1546 |                     sqlalchemy.orm.base
import time:       475 |        475 |                     sqlalchemy.orm.mapped_collection
import time:       843 |       2863 |                   sqlalchemy.orm.collections
import time:       840 |        840 |                     sqlalchemy.orm.path_registry
import time:      1263 |       2102 |                   sqlalchemy.orm.interfaces
import time:      1685 |       6649 |                 sqlalchemy.orm.attributes
import time:      1155 |       7804 |               sqlalchemy.orm.util
import time:       699 |       8502 |             sqlalchemy.orm.exc
import time:       648 |        648 |                 sqlalchemy.orm.state
import time:       839 |       1486 |               sqlalchemy.orm.instrumentation
import time:       244 |        244 |                     sqlalchemy.future.engine
import time:       185 |        428 |                   sqlalchemy.future
import time:      1028 |       1455 |                 sqlalchemy.orm.context
import time:      1049 |       1049 |                     sqlalchemy.orm.strategy_options
import time:       781 |        781 |                     sqlalchemy.orm.descriptor_props
import time:      2083 |       2083 |                     sqlalchemy.orm.relationships
import time:       712 |       4623 |                   sqlalchemy.orm.properties
import time:      3268 |       3268 |                   sqlalchemy.orm.query
import time:       660 |        660 |                   sqlalchemy.orm.unitofwork
import time:       339 |        339 |                       sqlalchemy.orm.evaluator
import time:       249 |        249 |                         sqlalchemy.orm.sync
import time:       584 |        833 |                       sqlalchemy.orm.persistence
import time:       613 |       1784 |                     sqlalchemy.orm.bulk_persistence
import time:       349 |        349 |                     sqlalchemy.orm.identity
import time:       747 |        747 |                     sqlalchemy.orm.state_changes
import time:      1755 |       4632 |                   sqlalchemy.orm.session
import time:      1175 |      14357 |                 sqlalchemy.orm.strategies
import time:       592 |      16403 |               sqlalchemy.orm.loading
import time:      1550 |      19438 |             sqlalchemy.orm.mapper
import time:       753 |        753 |             sqlalchemy.orm._orm_constructors
import time:       447 |        447 |               sqlalchemy.orm.clsregistry
import time:       974 |        974 |               sqlalchemy.orm.decl_base
import time:       992 |       2412 |             sqlalchemy.orm.decl_api
import time:       468 |        468 |               sqlalchemy.orm.writeonly
import time:       432 |        899 |             sqlalchemy.orm.dynamic
import time:       536 |        536 |               sqlalchemy.orm.scoping
import time:      2523 |       3058 |             sqlalchemy.orm.events
import time:       619 |        619 |             sqlalchemy.orm.dependency
import time:       385 |      36064 |           sqlalchemy.orm
import time:       399 |        399 |               flask_sqlalchemy.pagination
import time:       252 |        650 |             flask_sqlalchemy.query
import time:       405 |       1054 |           flask_sqlalchemy.model
import time:       271 |        271 |           flask_sqlalchemy.session
import time:       235 |        235 |           flask_sqlalchemy.table
import time:       607 |      38229 |         flask_sqlalchemy.extension
import time:       312 |      38541 |       flask_sqlalchemy
import time:      1055 |       1055 |             wtforms.validators
import time:       435 |        435 |               wtforms.widgets.core
import time:       338 |        773 |             wtforms.widgets
import time:       182 |        182 |                     wtforms.i18n
import time:       210 |        210 |                     wtforms.utils
import time:       277 |        668 |                   wtforms.fields.core
import time:       315 |        982 |                 wtforms.fields.choices
import time:       260 |        260 |                 wtforms.fields.datetime
import time:       295 |        295 |                 wtforms.fields.form
import time:       216 |        216 |                 wtforms.fields.list
import time:       276 |        276 |                 wtforms.fields.numeric
import time:       453 |        453 |                 wtforms.fields.simple
import time:       355 |       2833 |               wtforms.fields
import time:        11 |       2844 |             wtforms.fields.choices
import time:      1649 |       1649 |               wtforms.meta
import time:       297 |       1946 |             wtforms.form
import time:       361 |       6977 |           wtforms
import time:       250 |        250 |             wtforms.csrf
import time:       274 |        524 |           wtforms.csrf.core
import time:       459 |       7958 |         flask_wtf.csrf
import time:        64 |         64 |             babel
import time:       510 |        574 |           flask_wtf.i18n
import time:       274 |        847 |         flask_wtf.form
import time:       181 |        181 |             flask_wtf.recaptcha.widgets
import time:       235 |        235 |                   urllib.response
import time:       272 |        506 |                 urllib.error
import time:      1918 |       1918 |                 _scproxy
import time:      1946 |       4370 |               urllib.request
import time:       231 |       4600 |             flask_wtf.recaptcha.validators
import time:       356 |       5137 |           flask_wtf.recaptcha.fields
import time:       178 |       5314 |         flask_wtf.recaptcha
import time:       291 |      14409 |       flask_wtf
import time:       380 |      66188 |     app.extensions
import time:       465 |     448301 |   app
import time:      3261 |       3261 |     app.models.curriculum
import time:      1084 |       1084 |     app.models.decision
import time:      2595 |       2595 |     app.models.learning
import time:      1494 |       1494 |     app.models.mission
import time:      1863 |       1863 |     app.models.study_plan
import time:       806 |        806 |     app.models.subject
import time:      1174 |       1174 |     app.models.topic_progress
import time:       941 |        941 |     app.models.user
import time:       240 |      13454 |   app.models
[INFO] app: Kwalitec logging configured at level DEBUG
[WARNING] app: SECRET_KEY is using the default value. Set a strong key for production use.
[INFO] app: Environment: APP_ENV=development, FLASK_ENV=development
[INFO] app: Using local SQLite database (DATABASE_URL is not set)
[INFO] app: SQLAlchemy database driver prefix: sqlite://
import time:       256 |        256 |   flask_sqlalchemy.cli
import time:       297 |        297 |         sqlalchemy.dialects.sqlite.json
import time:      1655 |       1952 |       sqlalchemy.dialects.sqlite.base
import time:       488 |        488 |       sqlalchemy.dialects.sqlite.pysqlite
import time:       632 |       3071 |     sqlalchemy.dialects.sqlite.aiosqlite
import time:       275 |        275 |     sqlalchemy.dialects.sqlite.pysqlcipher
import time:       551 |        551 |     sqlalchemy.dialects.sqlite.dml
import time:       421 |       4316 |   sqlalchemy.dialects.sqlite
import time:      3790 |       3790 |       _sqlite3
import time:       440 |       4229 |     sqlite3.dbapi2
import time:       279 |       4507 |   sqlite3
import time:       820 |        820 |   flask_migrate.cli
import time:        47 |         47 |           app.services
import time:       983 |        983 |           app.services.readiness_service
import time:       515 |       1545 |         app.services.analytics_service
import time:       525 |       2069 |       app.analytics.routes
import time:       351 |       2420 |     app.analytics
import time:        12 |       2432 |   app.analytics.routes
import time:       348 |        348 |     app.auth
import time:       271 |        271 |     app.auth.forms
import time:       284 |        902 |   app.auth.routes
import time:       954 |        954 |     app.dashboard
import time:       275 |        275 |     app.services.adaptive_learning_service
import time:       217 |        217 |     app.services.burnout_monitor
import time:      1486 |       1486 |           app.curriculum.models
import time:       289 |        289 |             app.curriculum.exceptions
import time:       132 |        132 |               app.curriculum.schemas
import time:       834 |        966 |             app.curriculum.loader
import time:       123 |        123 |             app.curriculum.validator
import time:       301 |       1677 |           app.curriculum.repository
import time:       167 |        167 |           app.curriculum.seed
import time:       180 |       3509 |         app.curriculum
import time:         9 |       3517 |       app.curriculum.models
import time:       707 |       4224 |     app.services.curriculum_engine_service
import time:       266 |        266 |       app.services.study_plan_service
import time:       167 |        433 |     app.services.exam_timeline
import time:       448 |        448 |     app.services.time_engine_service
import time:       218 |        218 |       app.services.curriculum_service
import time:       150 |        368 |     app.services.mission_optimizer
import time:       200 |        200 |       app.services.mission_service
import time:       346 |        546 |     app.services.planning_service
import time:       292 |        292 |     app.services.recommendation_service
import time:       331 |       8084 |   app.dashboard.routes
import time:   2340530 |    2340530 |     app.mission
import time:   1614379 |    1614379 |     app.mission.forms
import time:   1580493 |    1580493 |     app.services.learning_service
import time:   1836541 |    7371941 |   app.mission.routes
import time:   2195977 |    2195977 |     app.settings
import time:   1519888 |    3715864 |   app.settings.routes
import time:   1334512 |    1334512 |     app.study_plan
import time:   1544488 |    1544488 |     app.services.examination_catalogue
import time:   1483288 |    1483288 |     app.study_plan.forms
import time:   2111305 |    6473591 |   app.study_plan.routes
import time:   1467090 |    1467090 |   app.cli
[INFO] alembic.runtime.migration: Context impl SQLiteImpl.
[INFO] alembic.runtime.migration: Will assume non-transactional DDL.
[INFO] app: Alembic: current database revision = 0a272936a47b
[INFO] app: Alembic: head script revision = 202609070003
[WARNING] app: Alembic: database is BEHIND head (db=0a272936a47b, head=202609070003). Migrations need to be applied.
import time:   1448898 |    1448898 |   app.services.startup_service
[INFO] app: Kwalitec application created successfully
import time:  13165473 |   34125920 | wsgi
